2015-10-26 23:40:05 [127.0.0.1][-][-][error][yii\db\Exception] exception 'PDOException' with message 'SQLSTATE[HY000] [1045] Access denied for user 'root'@'localhost' (using password: NO)' in /opt/lampp/htdocs/PAPS/yii2-app-basic/vendor/yiisoft/yii2/db/Connection.php:579
Stack trace:
#0 /opt/lampp/htdocs/PAPS/yii2-app-basic/vendor/yiisoft/yii2/db/Connection.php(579): PDO->__construct('mysql:host=loca...', 'root', '', NULL)
#1 /opt/lampp/htdocs/PAPS/yii2-app-basic/vendor/yiisoft/yii2/db/Connection.php(529): yii\db\Connection->createPdoInstance()
#2 /opt/lampp/htdocs/PAPS/yii2-app-basic/vendor/yiisoft/yii2/db/Connection.php(836): yii\db\Connection->open()
#3 /opt/lampp/htdocs/PAPS/yii2-app-basic/vendor/yiisoft/yii2/db/Connection.php(823): yii\db\Connection->getMasterPdo()
#4 /opt/lampp/htdocs/PAPS/yii2-app-basic/vendor/yiisoft/yii2/db/Command.php(216): yii\db\Connection->getSlavePdo()
#5 /opt/lampp/htdocs/PAPS/yii2-app-basic/vendor/yiisoft/yii2/db/Command.php(831): yii\db\Command->prepare('<span class="ke...')
#6 /opt/lampp/htdocs/PAPS/yii2-app-basic/vendor/yiisoft/yii2/db/Command.php(402): yii\db\Command->queryInternal('<span class="st...', '<span class="nu...')
#7 /opt/lampp/htdocs/PAPS/yii2-app-basic/vendor/yiisoft/yii2/db/mysql/Schema.php(308): yii\db\Command->queryColumn()
#8 /opt/lampp/htdocs/PAPS/yii2-app-basic/vendor/yiisoft/yii2/db/Schema.php(228): yii\db\mysql\Schema->findTableNames('<span class="st...')
#9 /opt/lampp/htdocs/PAPS/yii2-app-basic/vendor/yiisoft/yii2-gii/generators/model/Generator.php(151): yii\db\Schema->getTableNames()
#10 [internal function]: yii\gii\generators\model\Generator->yii\gii\generators\model\{closure}()
#11 /opt/lampp/htdocs/PAPS/yii2-app-basic/vendor/yiisoft/yii2-gii/components/ActiveField.php(41): call_user_func(Object(Closure))
#12 /opt/lampp/htdocs/PAPS/yii2-app-basic/vendor/yiisoft/yii2/base/Object.php(107): yii\gii\components\ActiveField->init()
#13 [internal function]: yii\base\Object->__construct('[<span class="s...')
#14 /opt/lampp/htdocs/PAPS/yii2-app-basic/vendor/yiisoft/yii2/di/Container.php(372): ReflectionClass->newInstanceArgs('[[<span class="...')
#15 /opt/lampp/htdocs/PAPS/yii2-app-basic/vendor/yiisoft/yii2/di/Container.php(151): yii\di\Container->build('<span class="st...', '[]', '[<span class="s...')
#16 /opt/lampp/htdocs/PAPS/yii2-app-basic/vendor/yiisoft/yii2/BaseYii.php(344): yii\di\Container->get('<span class="st...', '[]', '[<span class="s...')
#17 /opt/lampp/htdocs/PAPS/yii2-app-basic/vendor/yiisoft/yii2/widgets/ActiveForm.php(288): yii\BaseYii::createObject('[<span class="s...')
#18 /opt/lampp/htdocs/PAPS/yii2-app-basic/vendor/yiisoft/yii2-gii/generators/model/form.php(6): yii\widgets\ActiveForm->field(Object(yii\gii\generators\model\Generator), '<span class="st...')
#19 /opt/lampp/htdocs/PAPS/yii2-app-basic/vendor/yiisoft/yii2/base/View.php(325): require('/opt/lampp/htdo...')
#20 /opt/lampp/htdocs/PAPS/yii2-app-basic/vendor/yiisoft/yii2/base/View.php(247): yii\base\View->renderPhpFile('<span class="st...', '[<span class="s...')
#21 /opt/lampp/htdocs/PAPS/yii2-app-basic/vendor/yiisoft/yii2-gii/views/default/view.php(38): yii\base\View->renderFile('<span class="st...', '[<span class="s...')
#22 /opt/lampp/htdocs/PAPS/yii2-app-basic/vendor/yiisoft/yii2/base/View.php(325): require('/opt/lampp/htdo...')
#23 /opt/lampp/htdocs/PAPS/yii2-app-basic/vendor/yiisoft/yii2/base/View.php(247): yii\base\View->renderPhpFile('<span class="st...', '[<span class="s...')
#24 /opt/lampp/htdocs/PAPS/yii2-app-basic/vendor/yiisoft/yii2/base/View.php(149): yii\base\View->renderFile('<span class="st...', '[<span class="s...', Object(yii\gii\controllers\DefaultController))
#25 /opt/lampp/htdocs/PAPS/yii2-app-basic/vendor/yiisoft/yii2/base/Controller.php(371): yii\base\View->render('<span class="st...', '[<span class="s...', Object(yii\gii\controllers\DefaultController))
#26 /opt/lampp/htdocs/PAPS/yii2-app-basic/vendor/yiisoft/yii2-gii/controllers/DefaultController.php(56): yii\base\Controller->render('<span class="st...', '[<span class="s...')
#27 [internal function]: yii\gii\controllers\DefaultController->actionView('<span class="st...')
#28 /opt/lampp/htdocs/PAPS/yii2-app-basic/vendor/yiisoft/yii2/base/InlineAction.php(55): call_user_func_array('[<span class="t...', '[<span class="s...')
#29 /opt/lampp/htdocs/PAPS/yii2-app-basic/vendor/yiisoft/yii2/base/Controller.php(151): yii\base\InlineAction->runWithParams('[<span class="s...')
#30 /opt/lampp/htdocs/PAPS/yii2-app-basic/vendor/yiisoft/yii2/base/Module.php(455): yii\base\Controller->runAction('<span class="st...', '[<span class="s...')
#31 /opt/lampp/htdocs/PAPS/yii2-app-basic/vendor/yiisoft/yii2/web/Application.php(84): yii\base\Module->runAction('<span class="st...', '[<span class="s...')
#32 /opt/lampp/htdocs/PAPS/yii2-app-basic/vendor/yiisoft/yii2/base/Application.php(375): yii\web\Application->handleRequest(Object(yii\web\Request))
#33 /opt/lampp/htdocs/PAPS/yii2-app-basic/web/index.php(12): yii\base\Application->run()
#34 {main}

Next exception 'yii\db\Exception' with message 'SQLSTATE[HY000] [1045] Access denied for user 'root'@'localhost' (using password: NO)' in /opt/lampp/htdocs/PAPS/yii2-app-basic/vendor/yiisoft/yii2/db/Connection.php:534
Stack trace:
#0 /opt/lampp/htdocs/PAPS/yii2-app-basic/vendor/yiisoft/yii2/db/Connection.php(836): yii\db\Connection->open()
#1 /opt/lampp/htdocs/PAPS/yii2-app-basic/vendor/yiisoft/yii2/db/Connection.php(823): yii\db\Connection->getMasterPdo()
#2 /opt/lampp/htdocs/PAPS/yii2-app-basic/vendor/yiisoft/yii2/db/Command.php(216): yii\db\Connection->getSlavePdo()
#3 /opt/lampp/htdocs/PAPS/yii2-app-basic/vendor/yiisoft/yii2/db/Command.php(831): yii\db\Command->prepare('<span class="ke...')
#4 /opt/lampp/htdocs/PAPS/yii2-app-basic/vendor/yiisoft/yii2/db/Command.php(402): yii\db\Command->queryInternal('<span class="st...', '<span class="nu...')
#5 /opt/lampp/htdocs/PAPS/yii2-app-basic/vendor/yiisoft/yii2/db/mysql/Schema.php(308): yii\db\Command->queryColumn()
#6 /opt/lampp/htdocs/PAPS/yii2-app-basic/vendor/yiisoft/yii2/db/Schema.php(228): yii\db\mysql\Schema->findTableNames('<span class="st...')
#7 /opt/lampp/htdocs/PAPS/yii2-app-basic/vendor/yiisoft/yii2-gii/generators/model/Generator.php(151): yii\db\Schema->getTableNames()
#8 [internal function]: yii\gii\generators\model\Generator->yii\gii\generators\model\{closure}()
#9 /opt/lampp/htdocs/PAPS/yii2-app-basic/vendor/yiisoft/yii2-gii/components/ActiveField.php(41): call_user_func(Object(Closure))
#10 /opt/lampp/htdocs/PAPS/yii2-app-basic/vendor/yiisoft/yii2/base/Object.php(107): yii\gii\components\ActiveField->init()
#11 [internal function]: yii\base\Object->__construct('[<span class="s...')
#12 /opt/lampp/htdocs/PAPS/yii2-app-basic/vendor/yiisoft/yii2/di/Container.php(372): ReflectionClass->newInstanceArgs('[[<span class="...')
#13 /opt/lampp/htdocs/PAPS/yii2-app-basic/vendor/yiisoft/yii2/di/Container.php(151): yii\di\Container->build('<span class="st...', '[]', '[<span class="s...')
#14 /opt/lampp/htdocs/PAPS/yii2-app-basic/vendor/yiisoft/yii2/BaseYii.php(344): yii\di\Container->get('<span class="st...', '[]', '[<span class="s...')
#15 /opt/lampp/htdocs/PAPS/yii2-app-basic/vendor/yiisoft/yii2/widgets/ActiveForm.php(288): yii\BaseYii::createObject('[<span class="s...')
#16 /opt/lampp/htdocs/PAPS/yii2-app-basic/vendor/yiisoft/yii2-gii/generators/model/form.php(6): yii\widgets\ActiveForm->field(Object(yii\gii\generators\model\Generator), '<span class="st...')
#17 /opt/lampp/htdocs/PAPS/yii2-app-basic/vendor/yiisoft/yii2/base/View.php(325): require('/opt/lampp/htdo...')
#18 /opt/lampp/htdocs/PAPS/yii2-app-basic/vendor/yiisoft/yii2/base/View.php(247): yii\base\View->renderPhpFile('<span class="st...', '[<span class="s...')
#19 /opt/lampp/htdocs/PAPS/yii2-app-basic/vendor/yiisoft/yii2-gii/views/default/view.php(38): yii\base\View->renderFile('<span class="st...', '[<span class="s...')
#20 /opt/lampp/htdocs/PAPS/yii2-app-basic/vendor/yiisoft/yii2/base/View.php(325): require('/opt/lampp/htdo...')
#21 /opt/lampp/htdocs/PAPS/yii2-app-basic/vendor/yiisoft/yii2/base/View.php(247): yii\base\View->renderPhpFile('<span class="st...', '[<span class="s...')
#22 /opt/lampp/htdocs/PAPS/yii2-app-basic/vendor/yiisoft/yii2/base/View.php(149): yii\base\View->renderFile('<span class="st...', '[<span class="s...', Object(yii\gii\controllers\DefaultController))
#23 /opt/lampp/htdocs/PAPS/yii2-app-basic/vendor/yiisoft/yii2/base/Controller.php(371): yii\base\View->render('<span class="st...', '[<span class="s...', Object(yii\gii\controllers\DefaultController))
#24 /opt/lampp/htdocs/PAPS/yii2-app-basic/vendor/yiisoft/yii2-gii/controllers/DefaultController.php(56): yii\base\Controller->render('<span class="st...', '[<span class="s...')
#25 [internal function]: yii\gii\controllers\DefaultController->actionView('<span class="st...')
#26 /opt/lampp/htdocs/PAPS/yii2-app-basic/vendor/yiisoft/yii2/base/InlineAction.php(55): call_user_func_array('[<span class="t...', '[<span class="s...')
#27 /opt/lampp/htdocs/PAPS/yii2-app-basic/vendor/yiisoft/yii2/base/Controller.php(151): yii\base\InlineAction->runWithParams('[<span class="s...')
#28 /opt/lampp/htdocs/PAPS/yii2-app-basic/vendor/yiisoft/yii2/base/Module.php(455): yii\base\Controller->runAction('<span class="st...', '[<span class="s...')
#29 /opt/lampp/htdocs/PAPS/yii2-app-basic/vendor/yiisoft/yii2/web/Application.php(84): yii\base\Module->runAction('<span class="st...', '[<span class="s...')
#30 /opt/lampp/htdocs/PAPS/yii2-app-basic/vendor/yiisoft/yii2/base/Application.php(375): yii\web\Application->handleRequest(Object(yii\web\Request))
#31 /opt/lampp/htdocs/PAPS/yii2-app-basic/web/index.php(12): yii\base\Application->run()
#32 {main}
Additional Information:

2015-10-26 23:40:05 [127.0.0.1][-][-][info][application] $_GET = [
    'r' => 'gii/default/view'
    'id' => 'model'
]

$_COOKIE = [
    '_csrf' => '22ab6b6106937c85a304e36ab0816400a7b1f75750d4eaffff754b1960b7f83ea:2:{i:0;s:5:\"_csrf\";i:1;s:32:\"X2APkSQdXttKDwtGcaI3O5i56XstR2jZ\";}'
    'PHPSESSID' => 'gbceenu5vop8g3v51hgk9hbi36'
]

$_SERVER = [
    'UNIQUE_ID' => 'Vi6rxX8AAQEAACf27MMAAAAG'
    'HTTP_HOST' => 'localhost'
    'HTTP_CONNECTION' => 'keep-alive'
    'HTTP_ACCEPT' => 'text/html,application/xhtml+xml,application/xml;q=0.9,image/webp,*/*;q=0.8'
    'HTTP_USER_AGENT' => 'Mozilla/5.0 (X11; Linux x86_64) AppleWebKit/537.36 (KHTML, like Gecko) Chrome/42.0.2311.152 Safari/537.36'
    'HTTP_REFERER' => 'http://localhost/PAPS/yii2-app-basic/web/index.php?r=gii'
    'HTTP_ACCEPT_ENCODING' => 'gzip, deflate, sdch'
    'HTTP_ACCEPT_LANGUAGE' => 'pt-BR,pt;q=0.8,en-US;q=0.6,en;q=0.4'
    'HTTP_COOKIE' => '_csrf=22ab6b6106937c85a304e36ab0816400a7b1f75750d4eaffff754b1960b7f83ea%3A2%3A%7Bi%3A0%3Bs%3A5%3A%22_csrf%22%3Bi%3A1%3Bs%3A32%3A%22X2APkSQdXttKDwtGcaI3O5i56XstR2jZ%22%3B%7D; PHPSESSID=gbceenu5vop8g3v51hgk9hbi36'
    'PATH' => '/usr/local/sbin:/usr/local/bin:/usr/sbin:/usr/bin:/sbin:/bin'
    'LD_LIBRARY_PATH' => '/opt/lampp/lib:/opt/lampp/lib'
    'SERVER_SIGNATURE' => ''
    'SERVER_SOFTWARE' => 'Apache/2.4.12 (Unix) OpenSSL/1.0.1m PHP/5.6.8 mod_perl/2.0.8-dev Perl/v5.16.3'
    'SERVER_NAME' => 'localhost'
    'SERVER_ADDR' => '127.0.0.1'
    'SERVER_PORT' => '80'
    'REMOTE_ADDR' => '127.0.0.1'
    'DOCUMENT_ROOT' => '/opt/lampp/htdocs'
    'REQUEST_SCHEME' => 'http'
    'CONTEXT_PREFIX' => ''
    'CONTEXT_DOCUMENT_ROOT' => '/opt/lampp/htdocs'
    'SERVER_ADMIN' => 'you@example.com'
    'SCRIPT_FILENAME' => '/opt/lampp/htdocs/PAPS/yii2-app-basic/web/index.php'
    'REMOTE_PORT' => '38881'
    'GATEWAY_INTERFACE' => 'CGI/1.1'
    'SERVER_PROTOCOL' => 'HTTP/1.1'
    'REQUEST_METHOD' => 'GET'
    'QUERY_STRING' => 'r=gii%2Fdefault%2Fview&id=model'
    'REQUEST_URI' => '/PAPS/yii2-app-basic/web/index.php?r=gii%2Fdefault%2Fview&id=model'
    'SCRIPT_NAME' => '/PAPS/yii2-app-basic/web/index.php'
    'PHP_SELF' => '/PAPS/yii2-app-basic/web/index.php'
    'REQUEST_TIME_FLOAT' => 1445899205.489
    'REQUEST_TIME' => 1445899205
]
2015-10-26 23:40:37 [127.0.0.1][-][-][error][yii\db\Exception] exception 'PDOException' with message 'SQLSTATE[HY000] [1045] Access denied for user 'root'@'localhost' (using password: NO)' in /opt/lampp/htdocs/PAPS/yii2-app-basic/vendor/yiisoft/yii2/db/Connection.php:579
Stack trace:
#0 /opt/lampp/htdocs/PAPS/yii2-app-basic/vendor/yiisoft/yii2/db/Connection.php(579): PDO->__construct('mysql:host=loca...', 'root', '', NULL)
#1 /opt/lampp/htdocs/PAPS/yii2-app-basic/vendor/yiisoft/yii2/db/Connection.php(529): yii\db\Connection->createPdoInstance()
#2 /opt/lampp/htdocs/PAPS/yii2-app-basic/vendor/yiisoft/yii2/db/Connection.php(836): yii\db\Connection->open()
#3 /opt/lampp/htdocs/PAPS/yii2-app-basic/vendor/yiisoft/yii2/db/Connection.php(823): yii\db\Connection->getMasterPdo()
#4 /opt/lampp/htdocs/PAPS/yii2-app-basic/vendor/yiisoft/yii2/db/Command.php(216): yii\db\Connection->getSlavePdo()
#5 /opt/lampp/htdocs/PAPS/yii2-app-basic/vendor/yiisoft/yii2/db/Command.php(831): yii\db\Command->prepare('<span class="ke...')
#6 /opt/lampp/htdocs/PAPS/yii2-app-basic/vendor/yiisoft/yii2/db/Command.php(402): yii\db\Command->queryInternal('<span class="st...', '<span class="nu...')
#7 /opt/lampp/htdocs/PAPS/yii2-app-basic/vendor/yiisoft/yii2/db/mysql/Schema.php(308): yii\db\Command->queryColumn()
#8 /opt/lampp/htdocs/PAPS/yii2-app-basic/vendor/yiisoft/yii2/db/Schema.php(228): yii\db\mysql\Schema->findTableNames('<span class="st...')
#9 /opt/lampp/htdocs/PAPS/yii2-app-basic/vendor/yiisoft/yii2-gii/generators/model/Generator.php(151): yii\db\Schema->getTableNames()
#10 [internal function]: yii\gii\generators\model\Generator->yii\gii\generators\model\{closure}()
#11 /opt/lampp/htdocs/PAPS/yii2-app-basic/vendor/yiisoft/yii2-gii/components/ActiveField.php(41): call_user_func(Object(Closure))
#12 /opt/lampp/htdocs/PAPS/yii2-app-basic/vendor/yiisoft/yii2/base/Object.php(107): yii\gii\components\ActiveField->init()
#13 [internal function]: yii\base\Object->__construct('[<span class="s...')
#14 /opt/lampp/htdocs/PAPS/yii2-app-basic/vendor/yiisoft/yii2/di/Container.php(372): ReflectionClass->newInstanceArgs('[[<span class="...')
#15 /opt/lampp/htdocs/PAPS/yii2-app-basic/vendor/yiisoft/yii2/di/Container.php(151): yii\di\Container->build('<span class="st...', '[]', '[<span class="s...')
#16 /opt/lampp/htdocs/PAPS/yii2-app-basic/vendor/yiisoft/yii2/BaseYii.php(344): yii\di\Container->get('<span class="st...', '[]', '[<span class="s...')
#17 /opt/lampp/htdocs/PAPS/yii2-app-basic/vendor/yiisoft/yii2/widgets/ActiveForm.php(288): yii\BaseYii::createObject('[<span class="s...')
#18 /opt/lampp/htdocs/PAPS/yii2-app-basic/vendor/yiisoft/yii2-gii/generators/model/form.php(6): yii\widgets\ActiveForm->field(Object(yii\gii\generators\model\Generator), '<span class="st...')
#19 /opt/lampp/htdocs/PAPS/yii2-app-basic/vendor/yiisoft/yii2/base/View.php(325): require('/opt/lampp/htdo...')
#20 /opt/lampp/htdocs/PAPS/yii2-app-basic/vendor/yiisoft/yii2/base/View.php(247): yii\base\View->renderPhpFile('<span class="st...', '[<span class="s...')
#21 /opt/lampp/htdocs/PAPS/yii2-app-basic/vendor/yiisoft/yii2-gii/views/default/view.php(38): yii\base\View->renderFile('<span class="st...', '[<span class="s...')
#22 /opt/lampp/htdocs/PAPS/yii2-app-basic/vendor/yiisoft/yii2/base/View.php(325): require('/opt/lampp/htdo...')
#23 /opt/lampp/htdocs/PAPS/yii2-app-basic/vendor/yiisoft/yii2/base/View.php(247): yii\base\View->renderPhpFile('<span class="st...', '[<span class="s...')
#24 /opt/lampp/htdocs/PAPS/yii2-app-basic/vendor/yiisoft/yii2/base/View.php(149): yii\base\View->renderFile('<span class="st...', '[<span class="s...', Object(yii\gii\controllers\DefaultController))
#25 /opt/lampp/htdocs/PAPS/yii2-app-basic/vendor/yiisoft/yii2/base/Controller.php(371): yii\base\View->render('<span class="st...', '[<span class="s...', Object(yii\gii\controllers\DefaultController))
#26 /opt/lampp/htdocs/PAPS/yii2-app-basic/vendor/yiisoft/yii2-gii/controllers/DefaultController.php(56): yii\base\Controller->render('<span class="st...', '[<span class="s...')
#27 [internal function]: yii\gii\controllers\DefaultController->actionView('<span class="st...')
#28 /opt/lampp/htdocs/PAPS/yii2-app-basic/vendor/yiisoft/yii2/base/InlineAction.php(55): call_user_func_array('[<span class="t...', '[<span class="s...')
#29 /opt/lampp/htdocs/PAPS/yii2-app-basic/vendor/yiisoft/yii2/base/Controller.php(151): yii\base\InlineAction->runWithParams('[<span class="s...')
#30 /opt/lampp/htdocs/PAPS/yii2-app-basic/vendor/yiisoft/yii2/base/Module.php(455): yii\base\Controller->runAction('<span class="st...', '[<span class="s...')
#31 /opt/lampp/htdocs/PAPS/yii2-app-basic/vendor/yiisoft/yii2/web/Application.php(84): yii\base\Module->runAction('<span class="st...', '[<span class="s...')
#32 /opt/lampp/htdocs/PAPS/yii2-app-basic/vendor/yiisoft/yii2/base/Application.php(375): yii\web\Application->handleRequest(Object(yii\web\Request))
#33 /opt/lampp/htdocs/PAPS/yii2-app-basic/web/index.php(12): yii\base\Application->run()
#34 {main}

Next exception 'yii\db\Exception' with message 'SQLSTATE[HY000] [1045] Access denied for user 'root'@'localhost' (using password: NO)' in /opt/lampp/htdocs/PAPS/yii2-app-basic/vendor/yiisoft/yii2/db/Connection.php:534
Stack trace:
#0 /opt/lampp/htdocs/PAPS/yii2-app-basic/vendor/yiisoft/yii2/db/Connection.php(836): yii\db\Connection->open()
#1 /opt/lampp/htdocs/PAPS/yii2-app-basic/vendor/yiisoft/yii2/db/Connection.php(823): yii\db\Connection->getMasterPdo()
#2 /opt/lampp/htdocs/PAPS/yii2-app-basic/vendor/yiisoft/yii2/db/Command.php(216): yii\db\Connection->getSlavePdo()
#3 /opt/lampp/htdocs/PAPS/yii2-app-basic/vendor/yiisoft/yii2/db/Command.php(831): yii\db\Command->prepare('<span class="ke...')
#4 /opt/lampp/htdocs/PAPS/yii2-app-basic/vendor/yiisoft/yii2/db/Command.php(402): yii\db\Command->queryInternal('<span class="st...', '<span class="nu...')
#5 /opt/lampp/htdocs/PAPS/yii2-app-basic/vendor/yiisoft/yii2/db/mysql/Schema.php(308): yii\db\Command->queryColumn()
#6 /opt/lampp/htdocs/PAPS/yii2-app-basic/vendor/yiisoft/yii2/db/Schema.php(228): yii\db\mysql\Schema->findTableNames('<span class="st...')
#7 /opt/lampp/htdocs/PAPS/yii2-app-basic/vendor/yiisoft/yii2-gii/generators/model/Generator.php(151): yii\db\Schema->getTableNames()
#8 [internal function]: yii\gii\generators\model\Generator->yii\gii\generators\model\{closure}()
#9 /opt/lampp/htdocs/PAPS/yii2-app-basic/vendor/yiisoft/yii2-gii/components/ActiveField.php(41): call_user_func(Object(Closure))
#10 /opt/lampp/htdocs/PAPS/yii2-app-basic/vendor/yiisoft/yii2/base/Object.php(107): yii\gii\components\ActiveField->init()
#11 [internal function]: yii\base\Object->__construct('[<span class="s...')
#12 /opt/lampp/htdocs/PAPS/yii2-app-basic/vendor/yiisoft/yii2/di/Container.php(372): ReflectionClass->newInstanceArgs('[[<span class="...')
#13 /opt/lampp/htdocs/PAPS/yii2-app-basic/vendor/yiisoft/yii2/di/Container.php(151): yii\di\Container->build('<span class="st...', '[]', '[<span class="s...')
#14 /opt/lampp/htdocs/PAPS/yii2-app-basic/vendor/yiisoft/yii2/BaseYii.php(344): yii\di\Container->get('<span class="st...', '[]', '[<span class="s...')
#15 /opt/lampp/htdocs/PAPS/yii2-app-basic/vendor/yiisoft/yii2/widgets/ActiveForm.php(288): yii\BaseYii::createObject('[<span class="s...')
#16 /opt/lampp/htdocs/PAPS/yii2-app-basic/vendor/yiisoft/yii2-gii/generators/model/form.php(6): yii\widgets\ActiveForm->field(Object(yii\gii\generators\model\Generator), '<span class="st...')
#17 /opt/lampp/htdocs/PAPS/yii2-app-basic/vendor/yiisoft/yii2/base/View.php(325): require('/opt/lampp/htdo...')
#18 /opt/lampp/htdocs/PAPS/yii2-app-basic/vendor/yiisoft/yii2/base/View.php(247): yii\base\View->renderPhpFile('<span class="st...', '[<span class="s...')
#19 /opt/lampp/htdocs/PAPS/yii2-app-basic/vendor/yiisoft/yii2-gii/views/default/view.php(38): yii\base\View->renderFile('<span class="st...', '[<span class="s...')
#20 /opt/lampp/htdocs/PAPS/yii2-app-basic/vendor/yiisoft/yii2/base/View.php(325): require('/opt/lampp/htdo...')
#21 /opt/lampp/htdocs/PAPS/yii2-app-basic/vendor/yiisoft/yii2/base/View.php(247): yii\base\View->renderPhpFile('<span class="st...', '[<span class="s...')
#22 /opt/lampp/htdocs/PAPS/yii2-app-basic/vendor/yiisoft/yii2/base/View.php(149): yii\base\View->renderFile('<span class="st...', '[<span class="s...', Object(yii\gii\controllers\DefaultController))
#23 /opt/lampp/htdocs/PAPS/yii2-app-basic/vendor/yiisoft/yii2/base/Controller.php(371): yii\base\View->render('<span class="st...', '[<span class="s...', Object(yii\gii\controllers\DefaultController))
#24 /opt/lampp/htdocs/PAPS/yii2-app-basic/vendor/yiisoft/yii2-gii/controllers/DefaultController.php(56): yii\base\Controller->render('<span class="st...', '[<span class="s...')
#25 [internal function]: yii\gii\controllers\DefaultController->actionView('<span class="st...')
#26 /opt/lampp/htdocs/PAPS/yii2-app-basic/vendor/yiisoft/yii2/base/InlineAction.php(55): call_user_func_array('[<span class="t...', '[<span class="s...')
#27 /opt/lampp/htdocs/PAPS/yii2-app-basic/vendor/yiisoft/yii2/base/Controller.php(151): yii\base\InlineAction->runWithParams('[<span class="s...')
#28 /opt/lampp/htdocs/PAPS/yii2-app-basic/vendor/yiisoft/yii2/base/Module.php(455): yii\base\Controller->runAction('<span class="st...', '[<span class="s...')
#29 /opt/lampp/htdocs/PAPS/yii2-app-basic/vendor/yiisoft/yii2/web/Application.php(84): yii\base\Module->runAction('<span class="st...', '[<span class="s...')
#30 /opt/lampp/htdocs/PAPS/yii2-app-basic/vendor/yiisoft/yii2/base/Application.php(375): yii\web\Application->handleRequest(Object(yii\web\Request))
#31 /opt/lampp/htdocs/PAPS/yii2-app-basic/web/index.php(12): yii\base\Application->run()
#32 {main}
Additional Information:

2015-10-26 23:40:36 [127.0.0.1][-][-][info][application] $_GET = [
    'r' => 'gii/default/view'
    'id' => 'model'
]

$_COOKIE = [
    '_csrf' => '22ab6b6106937c85a304e36ab0816400a7b1f75750d4eaffff754b1960b7f83ea:2:{i:0;s:5:\"_csrf\";i:1;s:32:\"X2APkSQdXttKDwtGcaI3O5i56XstR2jZ\";}'
    'PHPSESSID' => 'gbceenu5vop8g3v51hgk9hbi36'
]

$_SERVER = [
    'UNIQUE_ID' => 'Vi6r5H8AAQEAACf4JxAAAAAI'
    'HTTP_HOST' => 'localhost'
    'HTTP_CONNECTION' => 'keep-alive'
    'HTTP_ACCEPT' => 'text/html,application/xhtml+xml,application/xml;q=0.9,image/webp,*/*;q=0.8'
    'HTTP_USER_AGENT' => 'Mozilla/5.0 (X11; Linux x86_64) AppleWebKit/537.36 (KHTML, like Gecko) Chrome/42.0.2311.152 Safari/537.36'
    'HTTP_REFERER' => 'http://localhost/PAPS/yii2-app-basic/web/index.php?r=gii'
    'HTTP_ACCEPT_ENCODING' => 'gzip, deflate, sdch'
    'HTTP_ACCEPT_LANGUAGE' => 'pt-BR,pt;q=0.8,en-US;q=0.6,en;q=0.4'
    'HTTP_COOKIE' => '_csrf=22ab6b6106937c85a304e36ab0816400a7b1f75750d4eaffff754b1960b7f83ea%3A2%3A%7Bi%3A0%3Bs%3A5%3A%22_csrf%22%3Bi%3A1%3Bs%3A32%3A%22X2APkSQdXttKDwtGcaI3O5i56XstR2jZ%22%3B%7D; PHPSESSID=gbceenu5vop8g3v51hgk9hbi36'
    'PATH' => '/usr/local/sbin:/usr/local/bin:/usr/sbin:/usr/bin:/sbin:/bin'
    'LD_LIBRARY_PATH' => '/opt/lampp/lib:/opt/lampp/lib'
    'SERVER_SIGNATURE' => ''
    'SERVER_SOFTWARE' => 'Apache/2.4.12 (Unix) OpenSSL/1.0.1m PHP/5.6.8 mod_perl/2.0.8-dev Perl/v5.16.3'
    'SERVER_NAME' => 'localhost'
    'SERVER_ADDR' => '127.0.0.1'
    'SERVER_PORT' => '80'
    'REMOTE_ADDR' => '127.0.0.1'
    'DOCUMENT_ROOT' => '/opt/lampp/htdocs'
    'REQUEST_SCHEME' => 'http'
    'CONTEXT_PREFIX' => ''
    'CONTEXT_DOCUMENT_ROOT' => '/opt/lampp/htdocs'
    'SERVER_ADMIN' => 'you@example.com'
    'SCRIPT_FILENAME' => '/opt/lampp/htdocs/PAPS/yii2-app-basic/web/index.php'
    'REMOTE_PORT' => '38888'
    'GATEWAY_INTERFACE' => 'CGI/1.1'
    'SERVER_PROTOCOL' => 'HTTP/1.1'
    'REQUEST_METHOD' => 'GET'
    'QUERY_STRING' => 'r=gii%2Fdefault%2Fview&id=model'
    'REQUEST_URI' => '/PAPS/yii2-app-basic/web/index.php?r=gii%2Fdefault%2Fview&id=model'
    'SCRIPT_NAME' => '/PAPS/yii2-app-basic/web/index.php'
    'PHP_SELF' => '/PAPS/yii2-app-basic/web/index.php'
    'REQUEST_TIME_FLOAT' => 1445899236.984
    'REQUEST_TIME' => 1445899236
]
2015-10-26 23:40:53 [127.0.0.1][-][-][error][yii\db\Exception] exception 'PDOException' with message 'SQLSTATE[HY000] [1045] Access denied for user 'root'@'localhost' (using password: NO)' in /opt/lampp/htdocs/PAPS/yii2-app-basic/vendor/yiisoft/yii2/db/Connection.php:579
Stack trace:
#0 /opt/lampp/htdocs/PAPS/yii2-app-basic/vendor/yiisoft/yii2/db/Connection.php(579): PDO->__construct('mysql:host=loca...', 'root', '', NULL)
#1 /opt/lampp/htdocs/PAPS/yii2-app-basic/vendor/yiisoft/yii2/db/Connection.php(529): yii\db\Connection->createPdoInstance()
#2 /opt/lampp/htdocs/PAPS/yii2-app-basic/vendor/yiisoft/yii2/db/Connection.php(836): yii\db\Connection->open()
#3 /opt/lampp/htdocs/PAPS/yii2-app-basic/vendor/yiisoft/yii2/db/Connection.php(823): yii\db\Connection->getMasterPdo()
#4 /opt/lampp/htdocs/PAPS/yii2-app-basic/vendor/yiisoft/yii2/db/Command.php(216): yii\db\Connection->getSlavePdo()
#5 /opt/lampp/htdocs/PAPS/yii2-app-basic/vendor/yiisoft/yii2/db/Command.php(831): yii\db\Command->prepare('<span class="ke...')
#6 /opt/lampp/htdocs/PAPS/yii2-app-basic/vendor/yiisoft/yii2/db/Command.php(402): yii\db\Command->queryInternal('<span class="st...', '<span class="nu...')
#7 /opt/lampp/htdocs/PAPS/yii2-app-basic/vendor/yiisoft/yii2/db/mysql/Schema.php(308): yii\db\Command->queryColumn()
#8 /opt/lampp/htdocs/PAPS/yii2-app-basic/vendor/yiisoft/yii2/db/Schema.php(228): yii\db\mysql\Schema->findTableNames('<span class="st...')
#9 /opt/lampp/htdocs/PAPS/yii2-app-basic/vendor/yiisoft/yii2-gii/generators/model/Generator.php(151): yii\db\Schema->getTableNames()
#10 [internal function]: yii\gii\generators\model\Generator->yii\gii\generators\model\{closure}()
#11 /opt/lampp/htdocs/PAPS/yii2-app-basic/vendor/yiisoft/yii2-gii/components/ActiveField.php(41): call_user_func(Object(Closure))
#12 /opt/lampp/htdocs/PAPS/yii2-app-basic/vendor/yiisoft/yii2/base/Object.php(107): yii\gii\components\ActiveField->init()
#13 [internal function]: yii\base\Object->__construct('[<span class="s...')
#14 /opt/lampp/htdocs/PAPS/yii2-app-basic/vendor/yiisoft/yii2/di/Container.php(372): ReflectionClass->newInstanceArgs('[[<span class="...')
#15 /opt/lampp/htdocs/PAPS/yii2-app-basic/vendor/yiisoft/yii2/di/Container.php(151): yii\di\Container->build('<span class="st...', '[]', '[<span class="s...')
#16 /opt/lampp/htdocs/PAPS/yii2-app-basic/vendor/yiisoft/yii2/BaseYii.php(344): yii\di\Container->get('<span class="st...', '[]', '[<span class="s...')
#17 /opt/lampp/htdocs/PAPS/yii2-app-basic/vendor/yiisoft/yii2/widgets/ActiveForm.php(288): yii\BaseYii::createObject('[<span class="s...')
#18 /opt/lampp/htdocs/PAPS/yii2-app-basic/vendor/yiisoft/yii2-gii/generators/model/form.php(6): yii\widgets\ActiveForm->field(Object(yii\gii\generators\model\Generator), '<span class="st...')
#19 /opt/lampp/htdocs/PAPS/yii2-app-basic/vendor/yiisoft/yii2/base/View.php(325): require('/opt/lampp/htdo...')
#20 /opt/lampp/htdocs/PAPS/yii2-app-basic/vendor/yiisoft/yii2/base/View.php(247): yii\base\View->renderPhpFile('<span class="st...', '[<span class="s...')
#21 /opt/lampp/htdocs/PAPS/yii2-app-basic/vendor/yiisoft/yii2-gii/views/default/view.php(38): yii\base\View->renderFile('<span class="st...', '[<span class="s...')
#22 /opt/lampp/htdocs/PAPS/yii2-app-basic/vendor/yiisoft/yii2/base/View.php(325): require('/opt/lampp/htdo...')
#23 /opt/lampp/htdocs/PAPS/yii2-app-basic/vendor/yiisoft/yii2/base/View.php(247): yii\base\View->renderPhpFile('<span class="st...', '[<span class="s...')
#24 /opt/lampp/htdocs/PAPS/yii2-app-basic/vendor/yiisoft/yii2/base/View.php(149): yii\base\View->renderFile('<span class="st...', '[<span class="s...', Object(yii\gii\controllers\DefaultController))
#25 /opt/lampp/htdocs/PAPS/yii2-app-basic/vendor/yiisoft/yii2/base/Controller.php(371): yii\base\View->render('<span class="st...', '[<span class="s...', Object(yii\gii\controllers\DefaultController))
#26 /opt/lampp/htdocs/PAPS/yii2-app-basic/vendor/yiisoft/yii2-gii/controllers/DefaultController.php(56): yii\base\Controller->render('<span class="st...', '[<span class="s...')
#27 [internal function]: yii\gii\controllers\DefaultController->actionView('<span class="st...')
#28 /opt/lampp/htdocs/PAPS/yii2-app-basic/vendor/yiisoft/yii2/base/InlineAction.php(55): call_user_func_array('[<span class="t...', '[<span class="s...')
#29 /opt/lampp/htdocs/PAPS/yii2-app-basic/vendor/yiisoft/yii2/base/Controller.php(151): yii\base\InlineAction->runWithParams('[<span class="s...')
#30 /opt/lampp/htdocs/PAPS/yii2-app-basic/vendor/yiisoft/yii2/base/Module.php(455): yii\base\Controller->runAction('<span class="st...', '[<span class="s...')
#31 /opt/lampp/htdocs/PAPS/yii2-app-basic/vendor/yiisoft/yii2/web/Application.php(84): yii\base\Module->runAction('<span class="st...', '[<span class="s...')
#32 /opt/lampp/htdocs/PAPS/yii2-app-basic/vendor/yiisoft/yii2/base/Application.php(375): yii\web\Application->handleRequest(Object(yii\web\Request))
#33 /opt/lampp/htdocs/PAPS/yii2-app-basic/web/index.php(12): yii\base\Application->run()
#34 {main}

Next exception 'yii\db\Exception' with message 'SQLSTATE[HY000] [1045] Access denied for user 'root'@'localhost' (using password: NO)' in /opt/lampp/htdocs/PAPS/yii2-app-basic/vendor/yiisoft/yii2/db/Connection.php:534
Stack trace:
#0 /opt/lampp/htdocs/PAPS/yii2-app-basic/vendor/yiisoft/yii2/db/Connection.php(836): yii\db\Connection->open()
#1 /opt/lampp/htdocs/PAPS/yii2-app-basic/vendor/yiisoft/yii2/db/Connection.php(823): yii\db\Connection->getMasterPdo()
#2 /opt/lampp/htdocs/PAPS/yii2-app-basic/vendor/yiisoft/yii2/db/Command.php(216): yii\db\Connection->getSlavePdo()
#3 /opt/lampp/htdocs/PAPS/yii2-app-basic/vendor/yiisoft/yii2/db/Command.php(831): yii\db\Command->prepare('<span class="ke...')
#4 /opt/lampp/htdocs/PAPS/yii2-app-basic/vendor/yiisoft/yii2/db/Command.php(402): yii\db\Command->queryInternal('<span class="st...', '<span class="nu...')
#5 /opt/lampp/htdocs/PAPS/yii2-app-basic/vendor/yiisoft/yii2/db/mysql/Schema.php(308): yii\db\Command->queryColumn()
#6 /opt/lampp/htdocs/PAPS/yii2-app-basic/vendor/yiisoft/yii2/db/Schema.php(228): yii\db\mysql\Schema->findTableNames('<span class="st...')
#7 /opt/lampp/htdocs/PAPS/yii2-app-basic/vendor/yiisoft/yii2-gii/generators/model/Generator.php(151): yii\db\Schema->getTableNames()
#8 [internal function]: yii\gii\generators\model\Generator->yii\gii\generators\model\{closure}()
#9 /opt/lampp/htdocs/PAPS/yii2-app-basic/vendor/yiisoft/yii2-gii/components/ActiveField.php(41): call_user_func(Object(Closure))
#10 /opt/lampp/htdocs/PAPS/yii2-app-basic/vendor/yiisoft/yii2/base/Object.php(107): yii\gii\components\ActiveField->init()
#11 [internal function]: yii\base\Object->__construct('[<span class="s...')
#12 /opt/lampp/htdocs/PAPS/yii2-app-basic/vendor/yiisoft/yii2/di/Container.php(372): ReflectionClass->newInstanceArgs('[[<span class="...')
#13 /opt/lampp/htdocs/PAPS/yii2-app-basic/vendor/yiisoft/yii2/di/Container.php(151): yii\di\Container->build('<span class="st...', '[]', '[<span class="s...')
#14 /opt/lampp/htdocs/PAPS/yii2-app-basic/vendor/yiisoft/yii2/BaseYii.php(344): yii\di\Container->get('<span class="st...', '[]', '[<span class="s...')
#15 /opt/lampp/htdocs/PAPS/yii2-app-basic/vendor/yiisoft/yii2/widgets/ActiveForm.php(288): yii\BaseYii::createObject('[<span class="s...')
#16 /opt/lampp/htdocs/PAPS/yii2-app-basic/vendor/yiisoft/yii2-gii/generators/model/form.php(6): yii\widgets\ActiveForm->field(Object(yii\gii\generators\model\Generator), '<span class="st...')
#17 /opt/lampp/htdocs/PAPS/yii2-app-basic/vendor/yiisoft/yii2/base/View.php(325): require('/opt/lampp/htdo...')
#18 /opt/lampp/htdocs/PAPS/yii2-app-basic/vendor/yiisoft/yii2/base/View.php(247): yii\base\View->renderPhpFile('<span class="st...', '[<span class="s...')
#19 /opt/lampp/htdocs/PAPS/yii2-app-basic/vendor/yiisoft/yii2-gii/views/default/view.php(38): yii\base\View->renderFile('<span class="st...', '[<span class="s...')
#20 /opt/lampp/htdocs/PAPS/yii2-app-basic/vendor/yiisoft/yii2/base/View.php(325): require('/opt/lampp/htdo...')
#21 /opt/lampp/htdocs/PAPS/yii2-app-basic/vendor/yiisoft/yii2/base/View.php(247): yii\base\View->renderPhpFile('<span class="st...', '[<span class="s...')
#22 /opt/lampp/htdocs/PAPS/yii2-app-basic/vendor/yiisoft/yii2/base/View.php(149): yii\base\View->renderFile('<span class="st...', '[<span class="s...', Object(yii\gii\controllers\DefaultController))
#23 /opt/lampp/htdocs/PAPS/yii2-app-basic/vendor/yiisoft/yii2/base/Controller.php(371): yii\base\View->render('<span class="st...', '[<span class="s...', Object(yii\gii\controllers\DefaultController))
#24 /opt/lampp/htdocs/PAPS/yii2-app-basic/vendor/yiisoft/yii2-gii/controllers/DefaultController.php(56): yii\base\Controller->render('<span class="st...', '[<span class="s...')
#25 [internal function]: yii\gii\controllers\DefaultController->actionView('<span class="st...')
#26 /opt/lampp/htdocs/PAPS/yii2-app-basic/vendor/yiisoft/yii2/base/InlineAction.php(55): call_user_func_array('[<span class="t...', '[<span class="s...')
#27 /opt/lampp/htdocs/PAPS/yii2-app-basic/vendor/yiisoft/yii2/base/Controller.php(151): yii\base\InlineAction->runWithParams('[<span class="s...')
#28 /opt/lampp/htdocs/PAPS/yii2-app-basic/vendor/yiisoft/yii2/base/Module.php(455): yii\base\Controller->runAction('<span class="st...', '[<span class="s...')
#29 /opt/lampp/htdocs/PAPS/yii2-app-basic/vendor/yiisoft/yii2/web/Application.php(84): yii\base\Module->runAction('<span class="st...', '[<span class="s...')
#30 /opt/lampp/htdocs/PAPS/yii2-app-basic/vendor/yiisoft/yii2/base/Application.php(375): yii\web\Application->handleRequest(Object(yii\web\Request))
#31 /opt/lampp/htdocs/PAPS/yii2-app-basic/web/index.php(12): yii\base\Application->run()
#32 {main}
Additional Information:

2015-10-26 23:40:53 [127.0.0.1][-][-][info][application] $_GET = [
    'r' => 'gii/default/view'
    'id' => 'model'
]

$_COOKIE = [
    '_csrf' => '22ab6b6106937c85a304e36ab0816400a7b1f75750d4eaffff754b1960b7f83ea:2:{i:0;s:5:\"_csrf\";i:1;s:32:\"X2APkSQdXttKDwtGcaI3O5i56XstR2jZ\";}'
    'PHPSESSID' => 'gbceenu5vop8g3v51hgk9hbi36'
]

$_SERVER = [
    'UNIQUE_ID' => 'Vi6r9X8AAQEAACfz0MEAAAAF'
    'HTTP_HOST' => 'localhost'
    'HTTP_CONNECTION' => 'keep-alive'
    'HTTP_ACCEPT' => 'text/html,application/xhtml+xml,application/xml;q=0.9,image/webp,*/*;q=0.8'
    'HTTP_USER_AGENT' => 'Mozilla/5.0 (X11; Linux x86_64) AppleWebKit/537.36 (KHTML, like Gecko) Chrome/42.0.2311.152 Safari/537.36'
    'HTTP_REFERER' => 'http://localhost/PAPS/yii2-app-basic/web/index.php?r=gii'
    'HTTP_ACCEPT_ENCODING' => 'gzip, deflate, sdch'
    'HTTP_ACCEPT_LANGUAGE' => 'pt-BR,pt;q=0.8,en-US;q=0.6,en;q=0.4'
    'HTTP_COOKIE' => '_csrf=22ab6b6106937c85a304e36ab0816400a7b1f75750d4eaffff754b1960b7f83ea%3A2%3A%7Bi%3A0%3Bs%3A5%3A%22_csrf%22%3Bi%3A1%3Bs%3A32%3A%22X2APkSQdXttKDwtGcaI3O5i56XstR2jZ%22%3B%7D; PHPSESSID=gbceenu5vop8g3v51hgk9hbi36'
    'PATH' => '/usr/local/sbin:/usr/local/bin:/usr/sbin:/usr/bin:/sbin:/bin'
    'LD_LIBRARY_PATH' => '/opt/lampp/lib:/opt/lampp/lib'
    'SERVER_SIGNATURE' => ''
    'SERVER_SOFTWARE' => 'Apache/2.4.12 (Unix) OpenSSL/1.0.1m PHP/5.6.8 mod_perl/2.0.8-dev Perl/v5.16.3'
    'SERVER_NAME' => 'localhost'
    'SERVER_ADDR' => '127.0.0.1'
    'SERVER_PORT' => '80'
    'REMOTE_ADDR' => '127.0.0.1'
    'DOCUMENT_ROOT' => '/opt/lampp/htdocs'
    'REQUEST_SCHEME' => 'http'
    'CONTEXT_PREFIX' => ''
    'CONTEXT_DOCUMENT_ROOT' => '/opt/lampp/htdocs'
    'SERVER_ADMIN' => 'you@example.com'
    'SCRIPT_FILENAME' => '/opt/lampp/htdocs/PAPS/yii2-app-basic/web/index.php'
    'REMOTE_PORT' => '38890'
    'GATEWAY_INTERFACE' => 'CGI/1.1'
    'SERVER_PROTOCOL' => 'HTTP/1.1'
    'REQUEST_METHOD' => 'GET'
    'QUERY_STRING' => 'r=gii%2Fdefault%2Fview&id=model'
    'REQUEST_URI' => '/PAPS/yii2-app-basic/web/index.php?r=gii%2Fdefault%2Fview&id=model'
    'SCRIPT_NAME' => '/PAPS/yii2-app-basic/web/index.php'
    'PHP_SELF' => '/PAPS/yii2-app-basic/web/index.php'
    'REQUEST_TIME_FLOAT' => 1445899253.391
    'REQUEST_TIME' => 1445899253
]
2015-10-26 23:41:23 [127.0.0.1][-][-][error][yii\db\Exception] exception 'PDOException' with message 'SQLSTATE[HY000] [1045] Access denied for user 'root'@'localhost' (using password: NO)' in /opt/lampp/htdocs/PAPS/yii2-app-basic/vendor/yiisoft/yii2/db/Connection.php:579
Stack trace:
#0 /opt/lampp/htdocs/PAPS/yii2-app-basic/vendor/yiisoft/yii2/db/Connection.php(579): PDO->__construct('mysql:host=loca...', 'root', '', NULL)
#1 /opt/lampp/htdocs/PAPS/yii2-app-basic/vendor/yiisoft/yii2/db/Connection.php(529): yii\db\Connection->createPdoInstance()
#2 /opt/lampp/htdocs/PAPS/yii2-app-basic/vendor/yiisoft/yii2/db/Connection.php(836): yii\db\Connection->open()
#3 /opt/lampp/htdocs/PAPS/yii2-app-basic/vendor/yiisoft/yii2/db/Connection.php(823): yii\db\Connection->getMasterPdo()
#4 /opt/lampp/htdocs/PAPS/yii2-app-basic/vendor/yiisoft/yii2/db/Command.php(216): yii\db\Connection->getSlavePdo()
#5 /opt/lampp/htdocs/PAPS/yii2-app-basic/vendor/yiisoft/yii2/db/Command.php(831): yii\db\Command->prepare('<span class="ke...')
#6 /opt/lampp/htdocs/PAPS/yii2-app-basic/vendor/yiisoft/yii2/db/Command.php(402): yii\db\Command->queryInternal('<span class="st...', '<span class="nu...')
#7 /opt/lampp/htdocs/PAPS/yii2-app-basic/vendor/yiisoft/yii2/db/mysql/Schema.php(308): yii\db\Command->queryColumn()
#8 /opt/lampp/htdocs/PAPS/yii2-app-basic/vendor/yiisoft/yii2/db/Schema.php(228): yii\db\mysql\Schema->findTableNames('<span class="st...')
#9 /opt/lampp/htdocs/PAPS/yii2-app-basic/vendor/yiisoft/yii2-gii/generators/model/Generator.php(151): yii\db\Schema->getTableNames()
#10 [internal function]: yii\gii\generators\model\Generator->yii\gii\generators\model\{closure}()
#11 /opt/lampp/htdocs/PAPS/yii2-app-basic/vendor/yiisoft/yii2-gii/components/ActiveField.php(41): call_user_func(Object(Closure))
#12 /opt/lampp/htdocs/PAPS/yii2-app-basic/vendor/yiisoft/yii2/base/Object.php(107): yii\gii\components\ActiveField->init()
#13 [internal function]: yii\base\Object->__construct('[<span class="s...')
#14 /opt/lampp/htdocs/PAPS/yii2-app-basic/vendor/yiisoft/yii2/di/Container.php(372): ReflectionClass->newInstanceArgs('[[<span class="...')
#15 /opt/lampp/htdocs/PAPS/yii2-app-basic/vendor/yiisoft/yii2/di/Container.php(151): yii\di\Container->build('<span class="st...', '[]', '[<span class="s...')
#16 /opt/lampp/htdocs/PAPS/yii2-app-basic/vendor/yiisoft/yii2/BaseYii.php(344): yii\di\Container->get('<span class="st...', '[]', '[<span class="s...')
#17 /opt/lampp/htdocs/PAPS/yii2-app-basic/vendor/yiisoft/yii2/widgets/ActiveForm.php(288): yii\BaseYii::createObject('[<span class="s...')
#18 /opt/lampp/htdocs/PAPS/yii2-app-basic/vendor/yiisoft/yii2-gii/generators/model/form.php(6): yii\widgets\ActiveForm->field(Object(yii\gii\generators\model\Generator), '<span class="st...')
#19 /opt/lampp/htdocs/PAPS/yii2-app-basic/vendor/yiisoft/yii2/base/View.php(325): require('/opt/lampp/htdo...')
#20 /opt/lampp/htdocs/PAPS/yii2-app-basic/vendor/yiisoft/yii2/base/View.php(247): yii\base\View->renderPhpFile('<span class="st...', '[<span class="s...')
#21 /opt/lampp/htdocs/PAPS/yii2-app-basic/vendor/yiisoft/yii2-gii/views/default/view.php(38): yii\base\View->renderFile('<span class="st...', '[<span class="s...')
#22 /opt/lampp/htdocs/PAPS/yii2-app-basic/vendor/yiisoft/yii2/base/View.php(325): require('/opt/lampp/htdo...')
#23 /opt/lampp/htdocs/PAPS/yii2-app-basic/vendor/yiisoft/yii2/base/View.php(247): yii\base\View->renderPhpFile('<span class="st...', '[<span class="s...')
#24 /opt/lampp/htdocs/PAPS/yii2-app-basic/vendor/yiisoft/yii2/base/View.php(149): yii\base\View->renderFile('<span class="st...', '[<span class="s...', Object(yii\gii\controllers\DefaultController))
#25 /opt/lampp/htdocs/PAPS/yii2-app-basic/vendor/yiisoft/yii2/base/Controller.php(371): yii\base\View->render('<span class="st...', '[<span class="s...', Object(yii\gii\controllers\DefaultController))
#26 /opt/lampp/htdocs/PAPS/yii2-app-basic/vendor/yiisoft/yii2-gii/controllers/DefaultController.php(56): yii\base\Controller->render('<span class="st...', '[<span class="s...')
#27 [internal function]: yii\gii\controllers\DefaultController->actionView('<span class="st...')
#28 /opt/lampp/htdocs/PAPS/yii2-app-basic/vendor/yiisoft/yii2/base/InlineAction.php(55): call_user_func_array('[<span class="t...', '[<span class="s...')
#29 /opt/lampp/htdocs/PAPS/yii2-app-basic/vendor/yiisoft/yii2/base/Controller.php(151): yii\base\InlineAction->runWithParams('[<span class="s...')
#30 /opt/lampp/htdocs/PAPS/yii2-app-basic/vendor/yiisoft/yii2/base/Module.php(455): yii\base\Controller->runAction('<span class="st...', '[<span class="s...')
#31 /opt/lampp/htdocs/PAPS/yii2-app-basic/vendor/yiisoft/yii2/web/Application.php(84): yii\base\Module->runAction('<span class="st...', '[<span class="s...')
#32 /opt/lampp/htdocs/PAPS/yii2-app-basic/vendor/yiisoft/yii2/base/Application.php(375): yii\web\Application->handleRequest(Object(yii\web\Request))
#33 /opt/lampp/htdocs/PAPS/yii2-app-basic/web/index.php(12): yii\base\Application->run()
#34 {main}

Next exception 'yii\db\Exception' with message 'SQLSTATE[HY000] [1045] Access denied for user 'root'@'localhost' (using password: NO)' in /opt/lampp/htdocs/PAPS/yii2-app-basic/vendor/yiisoft/yii2/db/Connection.php:534
Stack trace:
#0 /opt/lampp/htdocs/PAPS/yii2-app-basic/vendor/yiisoft/yii2/db/Connection.php(836): yii\db\Connection->open()
#1 /opt/lampp/htdocs/PAPS/yii2-app-basic/vendor/yiisoft/yii2/db/Connection.php(823): yii\db\Connection->getMasterPdo()
#2 /opt/lampp/htdocs/PAPS/yii2-app-basic/vendor/yiisoft/yii2/db/Command.php(216): yii\db\Connection->getSlavePdo()
#3 /opt/lampp/htdocs/PAPS/yii2-app-basic/vendor/yiisoft/yii2/db/Command.php(831): yii\db\Command->prepare('<span class="ke...')
#4 /opt/lampp/htdocs/PAPS/yii2-app-basic/vendor/yiisoft/yii2/db/Command.php(402): yii\db\Command->queryInternal('<span class="st...', '<span class="nu...')
#5 /opt/lampp/htdocs/PAPS/yii2-app-basic/vendor/yiisoft/yii2/db/mysql/Schema.php(308): yii\db\Command->queryColumn()
#6 /opt/lampp/htdocs/PAPS/yii2-app-basic/vendor/yiisoft/yii2/db/Schema.php(228): yii\db\mysql\Schema->findTableNames('<span class="st...')
#7 /opt/lampp/htdocs/PAPS/yii2-app-basic/vendor/yiisoft/yii2-gii/generators/model/Generator.php(151): yii\db\Schema->getTableNames()
#8 [internal function]: yii\gii\generators\model\Generator->yii\gii\generators\model\{closure}()
#9 /opt/lampp/htdocs/PAPS/yii2-app-basic/vendor/yiisoft/yii2-gii/components/ActiveField.php(41): call_user_func(Object(Closure))
#10 /opt/lampp/htdocs/PAPS/yii2-app-basic/vendor/yiisoft/yii2/base/Object.php(107): yii\gii\components\ActiveField->init()
#11 [internal function]: yii\base\Object->__construct('[<span class="s...')
#12 /opt/lampp/htdocs/PAPS/yii2-app-basic/vendor/yiisoft/yii2/di/Container.php(372): ReflectionClass->newInstanceArgs('[[<span class="...')
#13 /opt/lampp/htdocs/PAPS/yii2-app-basic/vendor/yiisoft/yii2/di/Container.php(151): yii\di\Container->build('<span class="st...', '[]', '[<span class="s...')
#14 /opt/lampp/htdocs/PAPS/yii2-app-basic/vendor/yiisoft/yii2/BaseYii.php(344): yii\di\Container->get('<span class="st...', '[]', '[<span class="s...')
#15 /opt/lampp/htdocs/PAPS/yii2-app-basic/vendor/yiisoft/yii2/widgets/ActiveForm.php(288): yii\BaseYii::createObject('[<span class="s...')
#16 /opt/lampp/htdocs/PAPS/yii2-app-basic/vendor/yiisoft/yii2-gii/generators/model/form.php(6): yii\widgets\ActiveForm->field(Object(yii\gii\generators\model\Generator), '<span class="st...')
#17 /opt/lampp/htdocs/PAPS/yii2-app-basic/vendor/yiisoft/yii2/base/View.php(325): require('/opt/lampp/htdo...')
#18 /opt/lampp/htdocs/PAPS/yii2-app-basic/vendor/yiisoft/yii2/base/View.php(247): yii\base\View->renderPhpFile('<span class="st...', '[<span class="s...')
#19 /opt/lampp/htdocs/PAPS/yii2-app-basic/vendor/yiisoft/yii2-gii/views/default/view.php(38): yii\base\View->renderFile('<span class="st...', '[<span class="s...')
#20 /opt/lampp/htdocs/PAPS/yii2-app-basic/vendor/yiisoft/yii2/base/View.php(325): require('/opt/lampp/htdo...')
#21 /opt/lampp/htdocs/PAPS/yii2-app-basic/vendor/yiisoft/yii2/base/View.php(247): yii\base\View->renderPhpFile('<span class="st...', '[<span class="s...')
#22 /opt/lampp/htdocs/PAPS/yii2-app-basic/vendor/yiisoft/yii2/base/View.php(149): yii\base\View->renderFile('<span class="st...', '[<span class="s...', Object(yii\gii\controllers\DefaultController))
#23 /opt/lampp/htdocs/PAPS/yii2-app-basic/vendor/yiisoft/yii2/base/Controller.php(371): yii\base\View->render('<span class="st...', '[<span class="s...', Object(yii\gii\controllers\DefaultController))
#24 /opt/lampp/htdocs/PAPS/yii2-app-basic/vendor/yiisoft/yii2-gii/controllers/DefaultController.php(56): yii\base\Controller->render('<span class="st...', '[<span class="s...')
#25 [internal function]: yii\gii\controllers\DefaultController->actionView('<span class="st...')
#26 /opt/lampp/htdocs/PAPS/yii2-app-basic/vendor/yiisoft/yii2/base/InlineAction.php(55): call_user_func_array('[<span class="t...', '[<span class="s...')
#27 /opt/lampp/htdocs/PAPS/yii2-app-basic/vendor/yiisoft/yii2/base/Controller.php(151): yii\base\InlineAction->runWithParams('[<span class="s...')
#28 /opt/lampp/htdocs/PAPS/yii2-app-basic/vendor/yiisoft/yii2/base/Module.php(455): yii\base\Controller->runAction('<span class="st...', '[<span class="s...')
#29 /opt/lampp/htdocs/PAPS/yii2-app-basic/vendor/yiisoft/yii2/web/Application.php(84): yii\base\Module->runAction('<span class="st...', '[<span class="s...')
#30 /opt/lampp/htdocs/PAPS/yii2-app-basic/vendor/yiisoft/yii2/base/Application.php(375): yii\web\Application->handleRequest(Object(yii\web\Request))
#31 /opt/lampp/htdocs/PAPS/yii2-app-basic/web/index.php(12): yii\base\Application->run()
#32 {main}
Additional Information:

2015-10-26 23:41:23 [127.0.0.1][-][-][info][application] $_GET = [
    'r' => 'gii/default/view'
    'id' => 'model'
]

$_COOKIE = [
    '_csrf' => '22ab6b6106937c85a304e36ab0816400a7b1f75750d4eaffff754b1960b7f83ea:2:{i:0;s:5:\"_csrf\";i:1;s:32:\"X2APkSQdXttKDwtGcaI3O5i56XstR2jZ\";}'
    'PHPSESSID' => 'gbceenu5vop8g3v51hgk9hbi36'
]

$_SERVER = [
    'UNIQUE_ID' => 'Vi6sE38AAQEAACf7JtkAAAAL'
    'HTTP_HOST' => 'localhost'
    'HTTP_CONNECTION' => 'keep-alive'
    'HTTP_ACCEPT' => 'text/html,application/xhtml+xml,application/xml;q=0.9,image/webp,*/*;q=0.8'
    'HTTP_USER_AGENT' => 'Mozilla/5.0 (X11; Linux x86_64) AppleWebKit/537.36 (KHTML, like Gecko) Chrome/42.0.2311.152 Safari/537.36'
    'HTTP_REFERER' => 'http://localhost/PAPS/yii2-app-basic/web/index.php?r=gii%2F'
    'HTTP_ACCEPT_ENCODING' => 'gzip, deflate, sdch'
    'HTTP_ACCEPT_LANGUAGE' => 'pt-BR,pt;q=0.8,en-US;q=0.6,en;q=0.4'
    'HTTP_COOKIE' => '_csrf=22ab6b6106937c85a304e36ab0816400a7b1f75750d4eaffff754b1960b7f83ea%3A2%3A%7Bi%3A0%3Bs%3A5%3A%22_csrf%22%3Bi%3A1%3Bs%3A32%3A%22X2APkSQdXttKDwtGcaI3O5i56XstR2jZ%22%3B%7D; PHPSESSID=gbceenu5vop8g3v51hgk9hbi36'
    'PATH' => '/usr/local/sbin:/usr/local/bin:/usr/sbin:/usr/bin:/sbin:/bin'
    'LD_LIBRARY_PATH' => '/opt/lampp/lib:/opt/lampp/lib'
    'SERVER_SIGNATURE' => ''
    'SERVER_SOFTWARE' => 'Apache/2.4.12 (Unix) OpenSSL/1.0.1m PHP/5.6.8 mod_perl/2.0.8-dev Perl/v5.16.3'
    'SERVER_NAME' => 'localhost'
    'SERVER_ADDR' => '127.0.0.1'
    'SERVER_PORT' => '80'
    'REMOTE_ADDR' => '127.0.0.1'
    'DOCUMENT_ROOT' => '/opt/lampp/htdocs'
    'REQUEST_SCHEME' => 'http'
    'CONTEXT_PREFIX' => ''
    'CONTEXT_DOCUMENT_ROOT' => '/opt/lampp/htdocs'
    'SERVER_ADMIN' => 'you@example.com'
    'SCRIPT_FILENAME' => '/opt/lampp/htdocs/PAPS/yii2-app-basic/web/index.php'
    'REMOTE_PORT' => '38896'
    'GATEWAY_INTERFACE' => 'CGI/1.1'
    'SERVER_PROTOCOL' => 'HTTP/1.1'
    'REQUEST_METHOD' => 'GET'
    'QUERY_STRING' => 'r=gii%2Fdefault%2Fview&id=model'
    'REQUEST_URI' => '/PAPS/yii2-app-basic/web/index.php?r=gii%2Fdefault%2Fview&id=model'
    'SCRIPT_NAME' => '/PAPS/yii2-app-basic/web/index.php'
    'PHP_SELF' => '/PAPS/yii2-app-basic/web/index.php'
    'REQUEST_TIME_FLOAT' => 1445899283.222
    'REQUEST_TIME' => 1445899283
]
2015-10-26 23:42:38 [127.0.0.1][-][-][error][yii\db\Exception] exception 'PDOException' with message 'SQLSTATE[HY000] [1045] Access denied for user 'root'@'localhost' (using password: NO)' in /opt/lampp/htdocs/PAPS/yii2-app-basic/vendor/yiisoft/yii2/db/Connection.php:579
Stack trace:
#0 /opt/lampp/htdocs/PAPS/yii2-app-basic/vendor/yiisoft/yii2/db/Connection.php(579): PDO->__construct('mysql:host=loca...', 'root', '', NULL)
#1 /opt/lampp/htdocs/PAPS/yii2-app-basic/vendor/yiisoft/yii2/db/Connection.php(529): yii\db\Connection->createPdoInstance()
#2 /opt/lampp/htdocs/PAPS/yii2-app-basic/vendor/yiisoft/yii2/db/Connection.php(836): yii\db\Connection->open()
#3 /opt/lampp/htdocs/PAPS/yii2-app-basic/vendor/yiisoft/yii2/db/Connection.php(823): yii\db\Connection->getMasterPdo()
#4 /opt/lampp/htdocs/PAPS/yii2-app-basic/vendor/yiisoft/yii2/db/Command.php(216): yii\db\Connection->getSlavePdo()
#5 /opt/lampp/htdocs/PAPS/yii2-app-basic/vendor/yiisoft/yii2/db/Command.php(831): yii\db\Command->prepare('<span class="ke...')
#6 /opt/lampp/htdocs/PAPS/yii2-app-basic/vendor/yiisoft/yii2/db/Command.php(402): yii\db\Command->queryInternal('<span class="st...', '<span class="nu...')
#7 /opt/lampp/htdocs/PAPS/yii2-app-basic/vendor/yiisoft/yii2/db/mysql/Schema.php(308): yii\db\Command->queryColumn()
#8 /opt/lampp/htdocs/PAPS/yii2-app-basic/vendor/yiisoft/yii2/db/Schema.php(228): yii\db\mysql\Schema->findTableNames('<span class="st...')
#9 /opt/lampp/htdocs/PAPS/yii2-app-basic/vendor/yiisoft/yii2-gii/generators/model/Generator.php(151): yii\db\Schema->getTableNames()
#10 [internal function]: yii\gii\generators\model\Generator->yii\gii\generators\model\{closure}()
#11 /opt/lampp/htdocs/PAPS/yii2-app-basic/vendor/yiisoft/yii2-gii/components/ActiveField.php(41): call_user_func(Object(Closure))
#12 /opt/lampp/htdocs/PAPS/yii2-app-basic/vendor/yiisoft/yii2/base/Object.php(107): yii\gii\components\ActiveField->init()
#13 [internal function]: yii\base\Object->__construct('[<span class="s...')
#14 /opt/lampp/htdocs/PAPS/yii2-app-basic/vendor/yiisoft/yii2/di/Container.php(372): ReflectionClass->newInstanceArgs('[[<span class="...')
#15 /opt/lampp/htdocs/PAPS/yii2-app-basic/vendor/yiisoft/yii2/di/Container.php(151): yii\di\Container->build('<span class="st...', '[]', '[<span class="s...')
#16 /opt/lampp/htdocs/PAPS/yii2-app-basic/vendor/yiisoft/yii2/BaseYii.php(344): yii\di\Container->get('<span class="st...', '[]', '[<span class="s...')
#17 /opt/lampp/htdocs/PAPS/yii2-app-basic/vendor/yiisoft/yii2/widgets/ActiveForm.php(288): yii\BaseYii::createObject('[<span class="s...')
#18 /opt/lampp/htdocs/PAPS/yii2-app-basic/vendor/yiisoft/yii2-gii/generators/model/form.php(6): yii\widgets\ActiveForm->field(Object(yii\gii\generators\model\Generator), '<span class="st...')
#19 /opt/lampp/htdocs/PAPS/yii2-app-basic/vendor/yiisoft/yii2/base/View.php(325): require('/opt/lampp/htdo...')
#20 /opt/lampp/htdocs/PAPS/yii2-app-basic/vendor/yiisoft/yii2/base/View.php(247): yii\base\View->renderPhpFile('<span class="st...', '[<span class="s...')
#21 /opt/lampp/htdocs/PAPS/yii2-app-basic/vendor/yiisoft/yii2-gii/views/default/view.php(38): yii\base\View->renderFile('<span class="st...', '[<span class="s...')
#22 /opt/lampp/htdocs/PAPS/yii2-app-basic/vendor/yiisoft/yii2/base/View.php(325): require('/opt/lampp/htdo...')
#23 /opt/lampp/htdocs/PAPS/yii2-app-basic/vendor/yiisoft/yii2/base/View.php(247): yii\base\View->renderPhpFile('<span class="st...', '[<span class="s...')
#24 /opt/lampp/htdocs/PAPS/yii2-app-basic/vendor/yiisoft/yii2/base/View.php(149): yii\base\View->renderFile('<span class="st...', '[<span class="s...', Object(yii\gii\controllers\DefaultController))
#25 /opt/lampp/htdocs/PAPS/yii2-app-basic/vendor/yiisoft/yii2/base/Controller.php(371): yii\base\View->render('<span class="st...', '[<span class="s...', Object(yii\gii\controllers\DefaultController))
#26 /opt/lampp/htdocs/PAPS/yii2-app-basic/vendor/yiisoft/yii2-gii/controllers/DefaultController.php(56): yii\base\Controller->render('<span class="st...', '[<span class="s...')
#27 [internal function]: yii\gii\controllers\DefaultController->actionView('<span class="st...')
#28 /opt/lampp/htdocs/PAPS/yii2-app-basic/vendor/yiisoft/yii2/base/InlineAction.php(55): call_user_func_array('[<span class="t...', '[<span class="s...')
#29 /opt/lampp/htdocs/PAPS/yii2-app-basic/vendor/yiisoft/yii2/base/Controller.php(151): yii\base\InlineAction->runWithParams('[<span class="s...')
#30 /opt/lampp/htdocs/PAPS/yii2-app-basic/vendor/yiisoft/yii2/base/Module.php(455): yii\base\Controller->runAction('<span class="st...', '[<span class="s...')
#31 /opt/lampp/htdocs/PAPS/yii2-app-basic/vendor/yiisoft/yii2/web/Application.php(84): yii\base\Module->runAction('<span class="st...', '[<span class="s...')
#32 /opt/lampp/htdocs/PAPS/yii2-app-basic/vendor/yiisoft/yii2/base/Application.php(375): yii\web\Application->handleRequest(Object(yii\web\Request))
#33 /opt/lampp/htdocs/PAPS/yii2-app-basic/web/index.php(12): yii\base\Application->run()
#34 {main}

Next exception 'yii\db\Exception' with message 'SQLSTATE[HY000] [1045] Access denied for user 'root'@'localhost' (using password: NO)' in /opt/lampp/htdocs/PAPS/yii2-app-basic/vendor/yiisoft/yii2/db/Connection.php:534
Stack trace:
#0 /opt/lampp/htdocs/PAPS/yii2-app-basic/vendor/yiisoft/yii2/db/Connection.php(836): yii\db\Connection->open()
#1 /opt/lampp/htdocs/PAPS/yii2-app-basic/vendor/yiisoft/yii2/db/Connection.php(823): yii\db\Connection->getMasterPdo()
#2 /opt/lampp/htdocs/PAPS/yii2-app-basic/vendor/yiisoft/yii2/db/Command.php(216): yii\db\Connection->getSlavePdo()
#3 /opt/lampp/htdocs/PAPS/yii2-app-basic/vendor/yiisoft/yii2/db/Command.php(831): yii\db\Command->prepare('<span class="ke...')
#4 /opt/lampp/htdocs/PAPS/yii2-app-basic/vendor/yiisoft/yii2/db/Command.php(402): yii\db\Command->queryInternal('<span class="st...', '<span class="nu...')
#5 /opt/lampp/htdocs/PAPS/yii2-app-basic/vendor/yiisoft/yii2/db/mysql/Schema.php(308): yii\db\Command->queryColumn()
#6 /opt/lampp/htdocs/PAPS/yii2-app-basic/vendor/yiisoft/yii2/db/Schema.php(228): yii\db\mysql\Schema->findTableNames('<span class="st...')
#7 /opt/lampp/htdocs/PAPS/yii2-app-basic/vendor/yiisoft/yii2-gii/generators/model/Generator.php(151): yii\db\Schema->getTableNames()
#8 [internal function]: yii\gii\generators\model\Generator->yii\gii\generators\model\{closure}()
#9 /opt/lampp/htdocs/PAPS/yii2-app-basic/vendor/yiisoft/yii2-gii/components/ActiveField.php(41): call_user_func(Object(Closure))
#10 /opt/lampp/htdocs/PAPS/yii2-app-basic/vendor/yiisoft/yii2/base/Object.php(107): yii\gii\components\ActiveField->init()
#11 [internal function]: yii\base\Object->__construct('[<span class="s...')
#12 /opt/lampp/htdocs/PAPS/yii2-app-basic/vendor/yiisoft/yii2/di/Container.php(372): ReflectionClass->newInstanceArgs('[[<span class="...')
#13 /opt/lampp/htdocs/PAPS/yii2-app-basic/vendor/yiisoft/yii2/di/Container.php(151): yii\di\Container->build('<span class="st...', '[]', '[<span class="s...')
#14 /opt/lampp/htdocs/PAPS/yii2-app-basic/vendor/yiisoft/yii2/BaseYii.php(344): yii\di\Container->get('<span class="st...', '[]', '[<span class="s...')
#15 /opt/lampp/htdocs/PAPS/yii2-app-basic/vendor/yiisoft/yii2/widgets/ActiveForm.php(288): yii\BaseYii::createObject('[<span class="s...')
#16 /opt/lampp/htdocs/PAPS/yii2-app-basic/vendor/yiisoft/yii2-gii/generators/model/form.php(6): yii\widgets\ActiveForm->field(Object(yii\gii\generators\model\Generator), '<span class="st...')
#17 /opt/lampp/htdocs/PAPS/yii2-app-basic/vendor/yiisoft/yii2/base/View.php(325): require('/opt/lampp/htdo...')
#18 /opt/lampp/htdocs/PAPS/yii2-app-basic/vendor/yiisoft/yii2/base/View.php(247): yii\base\View->renderPhpFile('<span class="st...', '[<span class="s...')
#19 /opt/lampp/htdocs/PAPS/yii2-app-basic/vendor/yiisoft/yii2-gii/views/default/view.php(38): yii\base\View->renderFile('<span class="st...', '[<span class="s...')
#20 /opt/lampp/htdocs/PAPS/yii2-app-basic/vendor/yiisoft/yii2/base/View.php(325): require('/opt/lampp/htdo...')
#21 /opt/lampp/htdocs/PAPS/yii2-app-basic/vendor/yiisoft/yii2/base/View.php(247): yii\base\View->renderPhpFile('<span class="st...', '[<span class="s...')
#22 /opt/lampp/htdocs/PAPS/yii2-app-basic/vendor/yiisoft/yii2/base/View.php(149): yii\base\View->renderFile('<span class="st...', '[<span class="s...', Object(yii\gii\controllers\DefaultController))
#23 /opt/lampp/htdocs/PAPS/yii2-app-basic/vendor/yiisoft/yii2/base/Controller.php(371): yii\base\View->render('<span class="st...', '[<span class="s...', Object(yii\gii\controllers\DefaultController))
#24 /opt/lampp/htdocs/PAPS/yii2-app-basic/vendor/yiisoft/yii2-gii/controllers/DefaultController.php(56): yii\base\Controller->render('<span class="st...', '[<span class="s...')
#25 [internal function]: yii\gii\controllers\DefaultController->actionView('<span class="st...')
#26 /opt/lampp/htdocs/PAPS/yii2-app-basic/vendor/yiisoft/yii2/base/InlineAction.php(55): call_user_func_array('[<span class="t...', '[<span class="s...')
#27 /opt/lampp/htdocs/PAPS/yii2-app-basic/vendor/yiisoft/yii2/base/Controller.php(151): yii\base\InlineAction->runWithParams('[<span class="s...')
#28 /opt/lampp/htdocs/PAPS/yii2-app-basic/vendor/yiisoft/yii2/base/Module.php(455): yii\base\Controller->runAction('<span class="st...', '[<span class="s...')
#29 /opt/lampp/htdocs/PAPS/yii2-app-basic/vendor/yiisoft/yii2/web/Application.php(84): yii\base\Module->runAction('<span class="st...', '[<span class="s...')
#30 /opt/lampp/htdocs/PAPS/yii2-app-basic/vendor/yiisoft/yii2/base/Application.php(375): yii\web\Application->handleRequest(Object(yii\web\Request))
#31 /opt/lampp/htdocs/PAPS/yii2-app-basic/web/index.php(12): yii\base\Application->run()
#32 {main}
Additional Information:

2015-10-26 23:42:38 [127.0.0.1][-][-][info][application] $_GET = [
    'r' => 'gii/default/view'
    'id' => 'model'
]

$_COOKIE = [
    '_csrf' => '22ab6b6106937c85a304e36ab0816400a7b1f75750d4eaffff754b1960b7f83ea:2:{i:0;s:5:\"_csrf\";i:1;s:32:\"X2APkSQdXttKDwtGcaI3O5i56XstR2jZ\";}'
    'PHPSESSID' => 'gbceenu5vop8g3v51hgk9hbi36'
]

$_SERVER = [
    'UNIQUE_ID' => 'Vi6sXn8AAQEAACfM8qwAAAAA'
    'HTTP_HOST' => 'localhost'
    'HTTP_CONNECTION' => 'keep-alive'
    'HTTP_ACCEPT' => 'text/html,application/xhtml+xml,application/xml;q=0.9,image/webp,*/*;q=0.8'
    'HTTP_USER_AGENT' => 'Mozilla/5.0 (X11; Linux x86_64) AppleWebKit/537.36 (KHTML, like Gecko) Chrome/42.0.2311.152 Safari/537.36'
    'HTTP_REFERER' => 'http://localhost/PAPS/yii2-app-basic/web/index.php?r=gii%2F'
    'HTTP_ACCEPT_ENCODING' => 'gzip, deflate, sdch'
    'HTTP_ACCEPT_LANGUAGE' => 'pt-BR,pt;q=0.8,en-US;q=0.6,en;q=0.4'
    'HTTP_COOKIE' => '_csrf=22ab6b6106937c85a304e36ab0816400a7b1f75750d4eaffff754b1960b7f83ea%3A2%3A%7Bi%3A0%3Bs%3A5%3A%22_csrf%22%3Bi%3A1%3Bs%3A32%3A%22X2APkSQdXttKDwtGcaI3O5i56XstR2jZ%22%3B%7D; PHPSESSID=gbceenu5vop8g3v51hgk9hbi36'
    'PATH' => '/usr/local/sbin:/usr/local/bin:/usr/sbin:/usr/bin:/sbin:/bin'
    'LD_LIBRARY_PATH' => '/opt/lampp/lib:/opt/lampp/lib'
    'SERVER_SIGNATURE' => ''
    'SERVER_SOFTWARE' => 'Apache/2.4.12 (Unix) OpenSSL/1.0.1m PHP/5.6.8 mod_perl/2.0.8-dev Perl/v5.16.3'
    'SERVER_NAME' => 'localhost'
    'SERVER_ADDR' => '127.0.0.1'
    'SERVER_PORT' => '80'
    'REMOTE_ADDR' => '127.0.0.1'
    'DOCUMENT_ROOT' => '/opt/lampp/htdocs'
    'REQUEST_SCHEME' => 'http'
    'CONTEXT_PREFIX' => ''
    'CONTEXT_DOCUMENT_ROOT' => '/opt/lampp/htdocs'
    'SERVER_ADMIN' => 'you@example.com'
    'SCRIPT_FILENAME' => '/opt/lampp/htdocs/PAPS/yii2-app-basic/web/index.php'
    'REMOTE_PORT' => '38909'
    'GATEWAY_INTERFACE' => 'CGI/1.1'
    'SERVER_PROTOCOL' => 'HTTP/1.1'
    'REQUEST_METHOD' => 'GET'
    'QUERY_STRING' => 'r=gii%2Fdefault%2Fview&id=model'
    'REQUEST_URI' => '/PAPS/yii2-app-basic/web/index.php?r=gii%2Fdefault%2Fview&id=model'
    'SCRIPT_NAME' => '/PAPS/yii2-app-basic/web/index.php'
    'PHP_SELF' => '/PAPS/yii2-app-basic/web/index.php'
    'REQUEST_TIME_FLOAT' => 1445899358.381
    'REQUEST_TIME' => 1445899358
]
2015-10-27 01:19:40 [127.0.0.1][-][-][error][yii\db\Exception] exception 'PDOException' with message 'SQLSTATE[HY000] [1045] Access denied for user 'root'@'localhost' (using password: YES)' in /opt/lampp/htdocs/PAPS/yii2-app-basic/vendor/yiisoft/yii2/db/Connection.php:579
Stack trace:
#0 /opt/lampp/htdocs/PAPS/yii2-app-basic/vendor/yiisoft/yii2/db/Connection.php(579): PDO->__construct('mysql:host=loca...', 'root', '36392274', NULL)
#1 /opt/lampp/htdocs/PAPS/yii2-app-basic/vendor/yiisoft/yii2/db/Connection.php(529): yii\db\Connection->createPdoInstance()
#2 /opt/lampp/htdocs/PAPS/yii2-app-basic/vendor/yiisoft/yii2/db/Connection.php(836): yii\db\Connection->open()
#3 /opt/lampp/htdocs/PAPS/yii2-app-basic/vendor/yiisoft/yii2/db/Connection.php(823): yii\db\Connection->getMasterPdo()
#4 /opt/lampp/htdocs/PAPS/yii2-app-basic/vendor/yiisoft/yii2/db/Command.php(216): yii\db\Connection->getSlavePdo()
#5 /opt/lampp/htdocs/PAPS/yii2-app-basic/vendor/yiisoft/yii2/db/Command.php(831): yii\db\Command->prepare('<span class="ke...')
#6 /opt/lampp/htdocs/PAPS/yii2-app-basic/vendor/yiisoft/yii2/db/Command.php(359): yii\db\Command->queryInternal('<span class="st...', '<span class="ke...')
#7 /opt/lampp/htdocs/PAPS/yii2-app-basic/vendor/yiisoft/yii2/db/mysql/Schema.php(198): yii\db\Command->queryAll()
#8 /opt/lampp/htdocs/PAPS/yii2-app-basic/vendor/yiisoft/yii2/db/mysql/Schema.php(97): yii\db\mysql\Schema->findColumns(Object(yii\db\TableSchema))
#9 /opt/lampp/htdocs/PAPS/yii2-app-basic/vendor/yiisoft/yii2/db/Schema.php(146): yii\db\mysql\Schema->loadTableSchema('<span class="st...')
#10 /opt/lampp/htdocs/PAPS/yii2-app-basic/vendor/yiisoft/yii2/db/ActiveRecord.php(294): yii\db\Schema->getTableSchema('<span class="st...')
#11 /opt/lampp/htdocs/PAPS/yii2-app-basic/vendor/yiisoft/yii2/db/ActiveRecord.php(327): yii\db\ActiveRecord::getTableSchema()
#12 /opt/lampp/htdocs/PAPS/yii2-app-basic/vendor/yiisoft/yii2/db/BaseActiveRecord.php(422): yii\db\ActiveRecord->attributes()
#13 /opt/lampp/htdocs/PAPS/yii2-app-basic/vendor/yiisoft/yii2/db/BaseActiveRecord.php(241): yii\db\BaseActiveRecord->hasAttribute('<span class="st...')
#14 /opt/lampp/htdocs/PAPS/yii2-app-basic/vendor/yiisoft/yii2/validators/Validator.php(237): yii\db\BaseActiveRecord->__get('<span class="st...')
#15 /opt/lampp/htdocs/PAPS/yii2-app-basic/vendor/yiisoft/yii2/base/Model.php(352): yii\validators\Validator->validateAttributes(Object(app\models\UsuarioSearch), '[<span class="s...')
#16 /opt/lampp/htdocs/PAPS/yii2-app-basic/models/UsuarioSearch.php(52): yii\base\Model->validate()
#17 /opt/lampp/htdocs/PAPS/yii2-app-basic/controllers/UsuarioController.php(36): app\models\UsuarioSearch->search('[<span class="s...')
#18 [internal function]: app\controllers\UsuarioController->actionIndex()
#19 /opt/lampp/htdocs/PAPS/yii2-app-basic/vendor/yiisoft/yii2/base/InlineAction.php(55): call_user_func_array('[<span class="t...', '[]')
#20 /opt/lampp/htdocs/PAPS/yii2-app-basic/vendor/yiisoft/yii2/base/Controller.php(151): yii\base\InlineAction->runWithParams('[<span class="s...')
#21 /opt/lampp/htdocs/PAPS/yii2-app-basic/vendor/yiisoft/yii2/base/Module.php(455): yii\base\Controller->runAction('<span class="st...', '[<span class="s...')
#22 /opt/lampp/htdocs/PAPS/yii2-app-basic/vendor/yiisoft/yii2/web/Application.php(84): yii\base\Module->runAction('<span class="st...', '[<span class="s...')
#23 /opt/lampp/htdocs/PAPS/yii2-app-basic/vendor/yiisoft/yii2/base/Application.php(375): yii\web\Application->handleRequest(Object(yii\web\Request))
#24 /opt/lampp/htdocs/PAPS/yii2-app-basic/web/index.php(12): yii\base\Application->run()
#25 {main}

Next exception 'yii\db\Exception' with message 'SQLSTATE[HY000] [1045] Access denied for user 'root'@'localhost' (using password: YES)' in /opt/lampp/htdocs/PAPS/yii2-app-basic/vendor/yiisoft/yii2/db/Connection.php:534
Stack trace:
#0 /opt/lampp/htdocs/PAPS/yii2-app-basic/vendor/yiisoft/yii2/db/Connection.php(836): yii\db\Connection->open()
#1 /opt/lampp/htdocs/PAPS/yii2-app-basic/vendor/yiisoft/yii2/db/Connection.php(823): yii\db\Connection->getMasterPdo()
#2 /opt/lampp/htdocs/PAPS/yii2-app-basic/vendor/yiisoft/yii2/db/Command.php(216): yii\db\Connection->getSlavePdo()
#3 /opt/lampp/htdocs/PAPS/yii2-app-basic/vendor/yiisoft/yii2/db/Command.php(831): yii\db\Command->prepare('<span class="ke...')
#4 /opt/lampp/htdocs/PAPS/yii2-app-basic/vendor/yiisoft/yii2/db/Command.php(359): yii\db\Command->queryInternal('<span class="st...', '<span class="ke...')
#5 /opt/lampp/htdocs/PAPS/yii2-app-basic/vendor/yiisoft/yii2/db/mysql/Schema.php(198): yii\db\Command->queryAll()
#6 /opt/lampp/htdocs/PAPS/yii2-app-basic/vendor/yiisoft/yii2/db/mysql/Schema.php(97): yii\db\mysql\Schema->findColumns(Object(yii\db\TableSchema))
#7 /opt/lampp/htdocs/PAPS/yii2-app-basic/vendor/yiisoft/yii2/db/Schema.php(146): yii\db\mysql\Schema->loadTableSchema('<span class="st...')
#8 /opt/lampp/htdocs/PAPS/yii2-app-basic/vendor/yiisoft/yii2/db/ActiveRecord.php(294): yii\db\Schema->getTableSchema('<span class="st...')
#9 /opt/lampp/htdocs/PAPS/yii2-app-basic/vendor/yiisoft/yii2/db/ActiveRecord.php(327): yii\db\ActiveRecord::getTableSchema()
#10 /opt/lampp/htdocs/PAPS/yii2-app-basic/vendor/yiisoft/yii2/db/BaseActiveRecord.php(422): yii\db\ActiveRecord->attributes()
#11 /opt/lampp/htdocs/PAPS/yii2-app-basic/vendor/yiisoft/yii2/db/BaseActiveRecord.php(241): yii\db\BaseActiveRecord->hasAttribute('<span class="st...')
#12 /opt/lampp/htdocs/PAPS/yii2-app-basic/vendor/yiisoft/yii2/validators/Validator.php(237): yii\db\BaseActiveRecord->__get('<span class="st...')
#13 /opt/lampp/htdocs/PAPS/yii2-app-basic/vendor/yiisoft/yii2/base/Model.php(352): yii\validators\Validator->validateAttributes(Object(app\models\UsuarioSearch), '[<span class="s...')
#14 /opt/lampp/htdocs/PAPS/yii2-app-basic/models/UsuarioSearch.php(52): yii\base\Model->validate()
#15 /opt/lampp/htdocs/PAPS/yii2-app-basic/controllers/UsuarioController.php(36): app\models\UsuarioSearch->search('[<span class="s...')
#16 [internal function]: app\controllers\UsuarioController->actionIndex()
#17 /opt/lampp/htdocs/PAPS/yii2-app-basic/vendor/yiisoft/yii2/base/InlineAction.php(55): call_user_func_array('[<span class="t...', '[]')
#18 /opt/lampp/htdocs/PAPS/yii2-app-basic/vendor/yiisoft/yii2/base/Controller.php(151): yii\base\InlineAction->runWithParams('[<span class="s...')
#19 /opt/lampp/htdocs/PAPS/yii2-app-basic/vendor/yiisoft/yii2/base/Module.php(455): yii\base\Controller->runAction('<span class="st...', '[<span class="s...')
#20 /opt/lampp/htdocs/PAPS/yii2-app-basic/vendor/yiisoft/yii2/web/Application.php(84): yii\base\Module->runAction('<span class="st...', '[<span class="s...')
#21 /opt/lampp/htdocs/PAPS/yii2-app-basic/vendor/yiisoft/yii2/base/Application.php(375): yii\web\Application->handleRequest(Object(yii\web\Request))
#22 /opt/lampp/htdocs/PAPS/yii2-app-basic/web/index.php(12): yii\base\Application->run()
#23 {main}
Additional Information:

2015-10-27 01:19:40 [127.0.0.1][-][-][info][application] $_GET = [
    'r' => 'usuario/index'
]

$_COOKIE = [
    '_csrf' => 'faba0d289e51da26e95d3ef7473796e0a188b215c05e688058a54cadc9f0529da:2:{i:0;s:5:\"_csrf\";i:1;s:32:\"0Ih1aqOMdDxCFCj233c1pFxi6DCt88ue\";}'
    'PHPSESSID' => '2tndvgio22fsa1s390c3kfksc0'
    '_identity' => '65a00506fef7a359c626d51dbb446f70ba529e4c16da6cfc44edaa91dead9e60a:2:{i:0;s:9:\"_identity\";i:1;s:28:\"[\"100\",\"test100key\",2592000]\";}'
]

$_SERVER = [
    'UNIQUE_ID' => 'Vi7DHH8AAQEAACIdQxgAAAAB'
    'HTTP_HOST' => 'localhost'
    'HTTP_CONNECTION' => 'keep-alive'
    'HTTP_ACCEPT' => 'text/html,application/xhtml+xml,application/xml;q=0.9,image/webp,*/*;q=0.8'
    'HTTP_UPGRADE_INSECURE_REQUESTS' => '1'
    'HTTP_USER_AGENT' => 'Mozilla/5.0 (X11; Linux x86_64) AppleWebKit/537.36 (KHTML, like Gecko) Chrome/44.0.2403.125 Safari/537.36'
    'HTTP_ACCEPT_ENCODING' => 'gzip, deflate, sdch'
    'HTTP_ACCEPT_LANGUAGE' => 'pt-BR,pt;q=0.8,en-US;q=0.6,en;q=0.4'
    'HTTP_COOKIE' => '_csrf=faba0d289e51da26e95d3ef7473796e0a188b215c05e688058a54cadc9f0529da%3A2%3A%7Bi%3A0%3Bs%3A5%3A%22_csrf%22%3Bi%3A1%3Bs%3A32%3A%220Ih1aqOMdDxCFCj233c1pFxi6DCt88ue%22%3B%7D; PHPSESSID=2tndvgio22fsa1s390c3kfksc0; _identity=65a00506fef7a359c626d51dbb446f70ba529e4c16da6cfc44edaa91dead9e60a%3A2%3A%7Bi%3A0%3Bs%3A9%3A%22_identity%22%3Bi%3A1%3Bs%3A28%3A%22%5B%22100%22%2C%22test100key%22%2C2592000%5D%22%3B%7D'
    'PATH' => '/usr/local/sbin:/usr/local/bin:/usr/sbin:/usr/bin:/sbin:/bin'
    'LD_LIBRARY_PATH' => '/opt/lampp/lib:/opt/lampp/lib'
    'SERVER_SIGNATURE' => ''
    'SERVER_SOFTWARE' => 'Apache/2.4.12 (Unix) OpenSSL/1.0.1m PHP/5.6.8 mod_perl/2.0.8-dev Perl/v5.16.3'
    'SERVER_NAME' => 'localhost'
    'SERVER_ADDR' => '127.0.0.1'
    'SERVER_PORT' => '80'
    'REMOTE_ADDR' => '127.0.0.1'
    'DOCUMENT_ROOT' => '/opt/lampp/htdocs'
    'REQUEST_SCHEME' => 'http'
    'CONTEXT_PREFIX' => ''
    'CONTEXT_DOCUMENT_ROOT' => '/opt/lampp/htdocs'
    'SERVER_ADMIN' => 'you@example.com'
    'SCRIPT_FILENAME' => '/opt/lampp/htdocs/PAPS/yii2-app-basic/web/index.php'
    'REMOTE_PORT' => '36029'
    'GATEWAY_INTERFACE' => 'CGI/1.1'
    'SERVER_PROTOCOL' => 'HTTP/1.1'
    'REQUEST_METHOD' => 'GET'
    'QUERY_STRING' => 'r=usuario%2Findex'
    'REQUEST_URI' => '/PAPS/yii2-app-basic/web/index.php?r=usuario%2Findex'
    'SCRIPT_NAME' => '/PAPS/yii2-app-basic/web/index.php'
    'PHP_SELF' => '/PAPS/yii2-app-basic/web/index.php'
    'REQUEST_TIME_FLOAT' => 1445905180.704
    'REQUEST_TIME' => 1445905180
]
